[   301.425] (WW) Failed to open protocol names file lib/xorg/protocol.txt
[   301.426] 
X.Org X Server 1.20.5
X Protocol Version 11, Revision 0
[   301.426] Build Operating System: Linux Arch Linux
[   301.426] Current Operating System: Linux alaric 5.2.2-arch1-1-ARCH #1 SMP PREEMPT Sun Jul 21 19:18:34 UTC 2019 x86_64
[   301.426] Kernel command line: BOOT_IMAGE=/vmlinuz-linux root=UUID=bcee5cfb-4900-4c37-8853-aa7ddd22b68b rw audit=0 loglevel=3 quiet
[   301.426] Build Date: 30 June 2019  09:52:01AM
[   301.426]  
[   301.426] Current version of pixman: 0.38.4
[   301.426] 	Before reporting problems, check http://wiki.x.org
	to make sure that you have the latest version.
[   301.426] Markers: (--) probed, (**) from config file, (==) default setting,
	(++) from command line, (!!) notice, (II) informational,
	(WW) warning, (EE) error, (NI) not implemented, (??) unknown.
[   301.427] (==) Log file: "/home/asenat/.local/share/xorg/Xorg.1.log", Time: Thu Jul 25 16:23:15 2019
[   301.427] (==) Using system config directory "/usr/share/X11/xorg.conf.d"
[   301.427] (==) No Layout section.  Using the first Screen section.
[   301.427] (==) No screen section available. Using defaults.
[   301.427] (**) |-->Screen "Default Screen Section" (0)
[   301.427] (**) |   |-->Monitor "<default monitor>"
[   301.427] (==) No monitor specified for screen "Default Screen Section".
	Using a default monitor configuration.
[   301.427] (==) Automatically adding devices
[   301.427] (==) Automatically enabling devices
[   301.427] (==) Automatically adding GPU devices
[   301.427] (==) Automatically binding GPU devices
[   301.427] (==) Max clients allowed: 256, resource mask: 0x1fffff
[   301.427] (WW) `fonts.dir' not found (or not valid) in "/usr/share/fonts/misc".
[   301.427] 	Entry deleted from font path.
[   301.427] 	(Run 'mkfontdir' on "/usr/share/fonts/misc").
[   301.427] (WW) The directory "/usr/share/fonts/OTF" does not exist.
[   301.427] 	Entry deleted from font path.
[   301.427] (WW) `fonts.dir' not found (or not valid) in "/usr/share/fonts/100dpi".
[   301.427] 	Entry deleted from font path.
[   301.427] 	(Run 'mkfontdir' on "/usr/share/fonts/100dpi").
[   301.427] (WW) `fonts.dir' not found (or not valid) in "/usr/share/fonts/75dpi".
[   301.427] 	Entry deleted from font path.
[   301.427] 	(Run 'mkfontdir' on "/usr/share/fonts/75dpi").
[   301.427] (==) FontPath set to:
	/usr/share/fonts/TTF,
	/usr/share/fonts/Type1
[   301.427] (==) ModulePath set to "/usr/lib/xorg/modules"
[   301.427] (II) The server relies on udev to provide the list of input devices.
	If no devices become available, reconfigure udev or disable AutoAddDevices.
[   301.427] (II) Module ABI versions:
[   301.427] 	X.Org ANSI C Emulation: 0.4
[   301.427] 	X.Org Video Driver: 24.0
[   301.427] 	X.Org XInput driver : 24.1
[   301.427] 	X.Org Server Extension : 10.0
[   301.428] (++) using VT number 2

[   301.430] (II) systemd-logind: took control of session /org/freedesktop/login1/session/_34
[   301.431] (II) xfree86: Adding drm device (/dev/dri/card0)
[   301.432] (II) systemd-logind: got fd for /dev/dri/card0 226:0 fd 10 paused 0
[   301.433] (--) PCI:*(0@0:2:0) 8086:1906:1558:2425 rev 7, Mem @ 0xde000000/16777216, 0xc0000000/268435456, I/O @ 0x0000f000/64, BIOS @ 0x????????/131072
[   301.433] (WW) Open ACPI failed (/var/run/acpid.socket) (No such file or directory)
[   301.433] (II) LoadModule: "glx"
[   301.434] (II) Loading /usr/lib/xorg/modules/extensions/libglx.so
[   301.435] (II) Module glx: vendor="X.Org Foundation"
[   301.435] 	compiled for 1.20.5, module version = 1.0.0
[   301.435] 	ABI class: X.Org Server Extension, version 10.0
[   301.435] (==) Matched intel as autoconfigured driver 0
[   301.435] (==) Matched modesetting as autoconfigured driver 1
[   301.435] (==) Matched fbdev as autoconfigured driver 2
[   301.435] (==) Matched vesa as autoconfigured driver 3
[   301.435] (==) Assigned the driver to the xf86ConfigLayout
[   301.435] (II) LoadModule: "intel"
[   301.435] (WW) Warning, couldn't open module intel
[   301.435] (EE) Failed to load module "intel" (module does not exist, 0)
[   301.435] (II) LoadModule: "modesetting"
[   301.435] (II) Loading /usr/lib/xorg/modules/drivers/modesetting_drv.so
[   301.436] (II) Module modesetting: vendor="X.Org Foundation"
[   301.436] 	compiled for 1.20.5, module version = 1.20.5
[   301.436] 	Module class: X.Org Video Driver
[   301.436] 	ABI class: X.Org Video Driver, version 24.0
[   301.436] (II) LoadModule: "fbdev"
[   301.436] (WW) Warning, couldn't open module fbdev
[   301.436] (EE) Failed to load module "fbdev" (module does not exist, 0)
[   301.436] (II) LoadModule: "vesa"
[   301.436] (WW) Warning, couldn't open module vesa
[   301.436] (EE) Failed to load module "vesa" (module does not exist, 0)
[   301.436] (II) modesetting: Driver for Modesetting Kernel Drivers: kms
[   301.436] (II) modeset(0): using drv /dev/dri/card0
[   301.436] (WW) VGA arbiter: cannot open kernel arbiter, no multi-card support
[   301.436] (II) modeset(0): Creating default Display subsection in Screen section
	"Default Screen Section" for depth/fbbpp 24/32
[   301.436] (==) modeset(0): Depth 24, (==) framebuffer bpp 32
[   301.436] (==) modeset(0): RGB weight 888
[   301.436] (==) modeset(0): Default visual is TrueColor
[   301.436] (II) Loading sub module "glamoregl"
[   301.436] (II) LoadModule: "glamoregl"
[   301.436] (II) Loading /usr/lib/xorg/modules/libglamoregl.so
[   301.440] (II) Module glamoregl: vendor="X.Org Foundation"
[   301.440] 	compiled for 1.20.5, module version = 1.0.1
[   301.440] 	ABI class: X.Org ANSI C Emulation, version 0.4
[   301.457] (II) modeset(0): glamor X acceleration enabled on Mesa DRI Intel(R) HD Graphics 510 (Skylake GT1) 
[   301.457] (II) modeset(0): glamor initialized
[   301.458] (II) modeset(0): Output eDP-1 has no monitor section
[   301.458] (II) modeset(0): Output DP-1 has no monitor section
[   301.462] (II) modeset(0): Output HDMI-1 has no monitor section
[   301.466] (II) modeset(0): Output HDMI-2 has no monitor section
[   301.467] (II) modeset(0): EDID for output eDP-1
[   301.467] (II) modeset(0): Manufacturer: AUO  Model: 343c  Serial#: 0
[   301.467] (II) modeset(0): Year: 2012  Week: 0
[   301.467] (II) modeset(0): EDID Version: 1.4
[   301.467] (II) modeset(0): Digital Display Input
[   301.467] (II) modeset(0): 6 bits per channel
[   301.467] (II) modeset(0): Digital interface is DisplayPort
[   301.467] (II) modeset(0): Max Image Size [cm]: horiz.: 31  vert.: 17
[   301.467] (II) modeset(0): Gamma: 2.20
[   301.467] (II) modeset(0): No DPMS capabilities specified
[   301.467] (II) modeset(0): Supported color encodings: RGB 4:4:4 
[   301.467] (II) modeset(0): First detailed timing is preferred mode
[   301.467] (II) modeset(0): Preferred mode is native pixel format and refresh rate
[   301.467] (II) modeset(0): redX: 0.580 redY: 0.335   greenX: 0.330 greenY: 0.565
[   301.467] (II) modeset(0): blueX: 0.155 blueY: 0.140   whiteX: 0.313 whiteY: 0.329
[   301.467] (II) modeset(0): Manufacturer's mask: 0
[   301.467] (II) modeset(0): Supported detailed timing:
[   301.467] (II) modeset(0): clock: 76.3 MHz   Image Size:  309 x 173 mm
[   301.467] (II) modeset(0): h_active: 1366  h_sync: 1404  h_sync_end 1426 h_blank_end 1592 h_border: 0
[   301.467] (II) modeset(0): v_active: 768  v_sync: 771  v_sync_end 777 v_blanking: 798 v_border: 0
[   301.467] (II) modeset(0): Unknown vendor-specific block f
[   301.467] (II) modeset(0):  AUO
[   301.467] (II) modeset(0):  B140XTN03.4
[   301.467] (II) modeset(0): EDID (in hex):
[   301.467] (II) modeset(0): 	00ffffffffffff0006af3c3400000000
[   301.467] (II) modeset(0): 	00160104951f117802bbf59455549027
[   301.467] (II) modeset(0): 	23505400000001010101010101010101
[   301.467] (II) modeset(0): 	010101010101ce1d56e250001e302616
[   301.467] (II) modeset(0): 	360035ad100000180000000f00000000
[   301.467] (II) modeset(0): 	00000000000000000020000000fe0041
[   301.467] (II) modeset(0): 	554f0a202020202020202020000000fe
[   301.467] (II) modeset(0): 	004231343058544e30332e34200a00d5
[   301.467] (II) modeset(0): Printing probed modes for output eDP-1
[   301.467] (II) modeset(0): Modeline "1366x768"x60.1   76.30  1366 1404 1426 1592  768 771 777 798 -hsync -vsync (47.9 kHz eP)
[   301.467] (II) modeset(0): Modeline "1280x720"x120.0  156.12  1280 1376 1512 1744  720 721 724 746 doublescan -hsync +vsync (89.5 kHz d)
[   301.467] (II) modeset(0): Modeline "1280x720"x120.0  120.75  1280 1304 1320 1360  720 721 724 740 doublescan +hsync -vsync (88.8 kHz d)
[   301.467] (II) modeset(0): Modeline "1280x720"x59.9   74.50  1280 1344 1472 1664  720 723 728 748 -hsync +vsync (44.8 kHz d)
[   301.467] (II) modeset(0): Modeline "1280x720"x59.7   63.75  1280 1328 1360 1440  720 723 728 741 +hsync -vsync (44.3 kHz d)
[   301.467] (II) modeset(0): Modeline "1024x768"x120.1  133.47  1024 1100 1212 1400  768 768 770 794 doublescan -hsync +vsync (95.3 kHz d)
[   301.467] (II) modeset(0): Modeline "1024x768"x60.0   65.00  1024 1048 1184 1344  768 771 777 806 -hsync -vsync (48.4 kHz d)
[   301.467] (II) modeset(0): Modeline "960x720"x120.0  117.00  960 1024 1128 1300  720 720 722 750 doublescan -hsync +vsync (90.0 kHz d)
[   301.467] (II) modeset(0): Modeline "928x696"x120.1  109.15  928 976 1088 1264  696 696 698 719 doublescan -hsync +vsync (86.4 kHz d)
[   301.467] (II) modeset(0): Modeline "896x672"x120.0  102.40  896 960 1060 1224  672 672 674 697 doublescan -hsync +vsync (83.7 kHz d)
[   301.467] (II) modeset(0): Modeline "1024x576"x119.9   98.50  1024 1092 1200 1376  576 577 580 597 doublescan -hsync +vsync (71.6 kHz d)
[   301.467] (II) modeset(0): Modeline "1024x576"x119.9   78.38  1024 1048 1064 1104  576 577 580 592 doublescan +hsync -vsync (71.0 kHz d)
[   301.467] (II) modeset(0): Modeline "1024x576"x59.9   46.50  1024 1064 1160 1296  576 579 584 599 -hsync +vsync (35.9 kHz d)
[   301.467] (II) modeset(0): Modeline "1024x576"x59.8   42.00  1024 1072 1104 1184  576 579 584 593 +hsync -vsync (35.5 kHz d)
[   301.467] (II) modeset(0): Modeline "960x600"x119.9   96.62  960 1028 1128 1296  600 601 604 622 doublescan -hsync +vsync (74.6 kHz d)
[   301.467] (II) modeset(0): Modeline "960x600"x120.0   77.00  960 984 1000 1040  600 601 604 617 doublescan +hsync -vsync (74.0 kHz d)
[   301.467] (II) modeset(0): Modeline "960x540"x119.9   86.50  960 1024 1124 1288  540 541 544 560 doublescan -hsync +vsync (67.2 kHz d)
[   301.467] (II) modeset(0): Modeline "960x540"x120.0   69.25  960 984 1000 1040  540 541 544 555 doublescan +hsync -vsync (66.6 kHz d)
[   301.468] (II) modeset(0): Modeline "960x540"x59.6   40.75  960 992 1088 1216  540 543 548 562 -hsync +vsync (33.5 kHz d)
[   301.468] (II) modeset(0): Modeline "960x540"x59.8   37.25  960 1008 1040 1120  540 543 548 556 +hsync -vsync (33.3 kHz d)
[   301.468] (II) modeset(0): Modeline "800x600"x120.0   81.00  800 832 928 1080  600 600 602 625 doublescan +hsync +vsync (75.0 kHz d)
[   301.468] (II) modeset(0): Modeline "800x600"x60.3   40.00  800 840 968 1056  600 601 605 628 +hsync +vsync (37.9 kHz d)
[   301.468] (II) modeset(0): Modeline "800x600"x56.2   36.00  800 824 896 1024  600 601 603 625 +hsync +vsync (35.2 kHz d)
[   301.468] (II) modeset(0): Modeline "840x525"x120.0   73.12  840 892 980 1120  525 526 529 544 doublescan -hsync +vsync (65.3 kHz d)
[   301.468] (II) modeset(0): Modeline "840x525"x119.8   59.50  840 864 880 920  525 526 529 540 doublescan +hsync -vsync (64.7 kHz d)
[   301.468] (II) modeset(0): Modeline "864x486"x59.9   32.50  864 888 968 1072  486 489 494 506 -hsync +vsync (30.3 kHz d)
[   301.468] (II) modeset(0): Modeline "864x486"x59.6   30.50  864 912 944 1024  486 489 494 500 +hsync -vsync (29.8 kHz d)
[   301.468] (II) modeset(0): Modeline "700x525"x120.0   61.00  700 744 820 940  525 526 532 541 doublescan +hsync +vsync (64.9 kHz d)
[   301.468] (II) modeset(0): Modeline "800x450"x119.9   59.12  800 848 928 1056  450 451 454 467 doublescan -hsync +vsync (56.0 kHz d)
[   301.468] (II) modeset(0): Modeline "800x450"x119.6   48.75  800 824 840 880  450 451 454 463 doublescan +hsync -vsync (55.4 kHz d)
[   301.468] (II) modeset(0): Modeline "640x512"x120.0   54.00  640 664 720 844  512 512 514 533 doublescan +hsync +vsync (64.0 kHz d)
[   301.468] (II) modeset(0): Modeline "700x450"x119.9   51.75  700 740 812 924  450 451 456 467 doublescan -hsync +vsync (56.0 kHz d)
[   301.468] (II) modeset(0): Modeline "700x450"x119.8   43.25  700 724 740 780  450 451 456 463 doublescan +hsync -vsync (55.4 kHz d)
[   301.468] (II) modeset(0): Modeline "640x480"x120.0   54.00  640 688 744 900  480 480 482 500 doublescan +hsync +vsync (60.0 kHz d)
[   301.468] (II) modeset(0): Modeline "640x480"x59.9   25.18  640 656 752 800  480 490 492 525 -hsync -vsync (31.5 kHz d)
[   301.468] (II) modeset(0): Modeline "720x405"x59.5   22.50  720 744 808 896  405 408 413 422 -hsync +vsync (25.1 kHz d)
[   301.468] (II) modeset(0): Modeline "720x405"x59.0   21.75  720 768 800 880  405 408 413 419 +hsync -vsync (24.7 kHz d)
[   301.468] (II) modeset(0): Modeline "684x384"x119.8   42.62  684 720 788 892  384 385 390 399 doublescan -hsync +vsync (47.8 kHz d)
[   301.468] (II) modeset(0): Modeline "684x384"x119.7   36.12  684 708 724 764  384 385 390 395 doublescan +hsync -vsync (47.3 kHz d)
[   301.468] (II) modeset(0): Modeline "640x400"x119.8   41.75  640 676 740 840  400 401 404 415 doublescan -hsync +vsync (49.7 kHz d)
[   301.468] (II) modeset(0): Modeline "640x400"x120.0   35.50  640 664 680 720  400 401 404 411 doublescan +hsync -vsync (49.3 kHz d)
[   301.468] (II) modeset(0): Modeline "640x360"x119.7   37.25  640 672 736 832  360 361 364 374 doublescan -hsync +vsync (44.8 kHz d)
[   301.468] (II) modeset(0): Modeline "640x360"x119.7   31.88  640 664 680 720  360 361 364 370 doublescan +hsync -vsync (44.3 kHz d)
[   301.468] (II) modeset(0): Modeline "640x360"x59.8   18.00  640 664 720 800  360 363 368 376 -hsync +vsync (22.5 kHz d)
[   301.468] (II) modeset(0): Modeline "640x360"x59.3   17.75  640 688 720 800  360 363 368 374 +hsync -vsync (22.2 kHz d)
[   301.468] (II) modeset(0): Modeline "512x384"x120.0   32.50  512 524 592 672  384 385 388 403 doublescan -hsync -vsync (48.4 kHz d)
[   301.468] (II) modeset(0): Modeline "512x288"x120.0   23.25  512 532 580 648  288 289 292 299 doublescan -hsync +vsync (35.9 kHz d)
[   301.468] (II) modeset(0): Modeline "512x288"x119.8   21.00  512 536 552 592  288 289 292 296 doublescan +hsync -vsync (35.5 kHz d)
[   301.468] (II) modeset(0): Modeline "480x270"x119.3   20.38  480 496 544 608  270 271 274 281 doublescan -hsync +vsync (33.5 kHz d)
[   301.468] (II) modeset(0): Modeline "480x270"x119.6   18.62  480 504 520 560  270 271 274 278 doublescan +hsync -vsync (33.3 kHz d)
[   301.468] (II) modeset(0): Modeline "400x300"x120.6   20.00  400 420 484 528  300 300 302 314 doublescan +hsync +vsync (37.9 kHz d)
[   301.468] (II) modeset(0): Modeline "400x300"x112.7   18.00  400 412 448 512  300 300 301 312 doublescan +hsync +vsync (35.2 kHz d)
[   301.468] (II) modeset(0): Modeline "432x243"x119.8   16.25  432 444 484 536  243 244 247 253 doublescan -hsync +vsync (30.3 kHz d)
[   301.468] (II) modeset(0): Modeline "432x243"x119.1   15.25  432 456 472 512  243 244 247 250 doublescan +hsync -vsync (29.8 kHz d)
[   301.468] (II) modeset(0): Modeline "320x240"x120.1   12.59  320 328 376 400  240 245 246 262 doublescan -hsync -vsync (31.5 kHz d)
[   301.468] (II) modeset(0): Modeline "360x202"x119.0   11.25  360 372 404 448  202 204 206 211 doublescan -hsync +vsync (25.1 kHz d)
[   301.468] (II) modeset(0): Modeline "360x202"x118.3   10.88  360 384 400 440  202 204 206 209 doublescan +hsync -vsync (24.7 kHz d)
[   301.468] (II) modeset(0): Modeline "320x180"x119.7    9.00  320 332 360 400  180 181 184 188 doublescan -hsync +vsync (22.5 kHz d)
[   301.468] (II) modeset(0): Modeline "320x180"x118.6    8.88  320 344 360 400  180 181 184 187 doublescan +hsync -vsync (22.2 kHz d)
[   301.468] (II) modeset(0): EDID for output DP-1
[   301.471] (II) modeset(0): EDID for output HDMI-1
[   301.475] (II) modeset(0): EDID for output HDMI-2
[   301.475] (II) modeset(0): Output eDP-1 connected
[   301.475] (II) modeset(0): Output DP-1 disconnected
[   301.475] (II) modeset(0): Output HDMI-1 disconnected
[   301.475] (II) modeset(0): Output HDMI-2 disconnected
[   301.475] (II) modeset(0): Using exact sizes for initial modes
[   301.475] (II) modeset(0): Output eDP-1 using initial mode 1366x768 +0+0
[   301.475] (==) modeset(0): Using gamma correction (1.0, 1.0, 1.0)
[   301.475] (==) modeset(0): DPI set to (96, 96)
[   301.475] (II) Loading sub module "fb"
[   301.475] (II) LoadModule: "fb"
[   301.475] (II) Loading /usr/lib/xorg/modules/libfb.so
[   301.475] (II) Module fb: vendor="X.Org Foundation"
[   301.475] 	compiled for 1.20.5, module version = 1.0.0
[   301.475] 	ABI class: X.Org ANSI C Emulation, version 0.4
[   301.479] (==) modeset(0): Backing store enabled
[   301.479] (==) modeset(0): Silken mouse disabled
[   301.538] (II) modeset(0): Initializing kms color map for depth 24, 8 bpc.
[   301.538] (==) modeset(0): DPMS enabled
[   301.539] (II) modeset(0): [DRI2] Setup complete
[   301.539] (II) modeset(0): [DRI2]   DRI driver: i965
[   301.539] (II) modeset(0): [DRI2]   VDPAU driver: i965
[   301.539] (II) Initializing extension Generic Event Extension
[   301.539] (II) Initializing extension SHAPE
[   301.539] (II) Initializing extension MIT-SHM
[   301.539] (II) Initializing extension XInputExtension
[   301.539] (II) Initializing extension XTEST
[   301.539] (II) Initializing extension BIG-REQUESTS
[   301.539] (II) Initializing extension SYNC
[   301.539] (II) Initializing extension XKEYBOARD
[   301.539] (II) Initializing extension XC-MISC
[   301.539] (II) Initializing extension SECURITY
[   301.539] (II) Initializing extension XFIXES
[   301.539] (II) Initializing extension RENDER
[   301.539] (II) Initializing extension RANDR
[   301.539] (II) Initializing extension COMPOSITE
[   301.539] (II) Initializing extension DAMAGE
[   301.539] (II) Initializing extension MIT-SCREEN-SAVER
[   301.539] (II) Initializing extension DOUBLE-BUFFER
[   301.539] (II) Initializing extension RECORD
[   301.539] (II) Initializing extension DPMS
[   301.539] (II) Initializing extension Present
[   301.539] (II) Initializing extension DRI3
[   301.539] (II) Initializing extension X-Resource
[   301.539] (II) Initializing extension XVideo
[   301.539] (II) Initializing extension XVideo-MotionCompensation
[   301.539] (II) Initializing extension GLX
[   301.548] (II) AIGLX: Loaded and initialized i965
[   301.548] (II) GLX: Initialized DRI2 GL provider for screen 0
[   301.548] (II) Initializing extension XFree86-VidModeExtension
[   301.548] (II) Initializing extension XFree86-DGA
[   301.549] (II) Initializing extension XFree86-DRI
[   301.549] (II) Initializing extension DRI2
[   301.552] (II) modeset(0): Damage tracking initialized
[   301.552] (II) modeset(0): Setting screen physical size to 361 x 203
[   301.593] (II) config/udev: Adding input device Power Button (/dev/input/event3)
[   301.593] (**) Power Button: Applying InputClass "libinput keyboard catchall"
[   301.593] (II) LoadModule: "libinput"
[   301.593] (II) Loading /usr/lib/xorg/modules/input/libinput_drv.so
[   301.595] (II) Module libinput: vendor="X.Org Foundation"
[   301.595] 	compiled for 1.20.3, module version = 0.28.2
[   301.595] 	Module class: X.Org XInput Driver
[   301.595] 	ABI class: X.Org XInput driver, version 24.1
[   301.595] (II) Using input driver 'libinput' for 'Power Button'
[   301.596] (II) systemd-logind: got fd for /dev/input/event3 13:67 fd 14 paused 0
[   301.596] (**) Power Button: always reports core events
[   301.596] (**) Option "Device" "/dev/input/event3"
[   301.596] (**) Option "_source" "server/udev"
[   301.597] (II) event3  - Power Button: is tagged by udev as: Keyboard
[   301.597] (II) event3  - Power Button: device is a keyboard
[   301.597] (II) event3  - Power Button: device removed
[   301.597] (**) Option "config_info" "udev:/sys/devices/LNXSYSTM:00/LNXPWRBN:00/input/input3/event3"
[   301.597] (II) XINPUT: Adding extended input device "Power Button" (type: KEYBOARD, id 6)
[   301.598] (II) event3  - Power Button: is tagged by udev as: Keyboard
[   301.598] (II) event3  - Power Button: device is a keyboard
[   301.599] (II) config/udev: Adding input device Video Bus (/dev/input/event7)
[   301.599] (**) Video Bus: Applying InputClass "libinput keyboard catchall"
[   301.599] (II) Using input driver 'libinput' for 'Video Bus'
[   301.600] (II) systemd-logind: got fd for /dev/input/event7 13:71 fd 17 paused 0
[   301.600] (**) Video Bus: always reports core events
[   301.600] (**) Option "Device" "/dev/input/event7"
[   301.600] (**) Option "_source" "server/udev"
[   301.601] (II) event7  - Video Bus: is tagged by udev as: Keyboard
[   301.601] (II) event7  - Video Bus: device is a keyboard
[   301.601] (II) event7  - Video Bus: device removed
[   301.601] (**) Option "config_info" "udev:/sys/devices/LNXSYSTM:00/LNXSYBUS:00/PNP0A08:00/LNXVIDEO:00/input/input13/event7"
[   301.601] (II) XINPUT: Adding extended input device "Video Bus" (type: KEYBOARD, id 7)
[   301.602] (II) event7  - Video Bus: is tagged by udev as: Keyboard
[   301.602] (II) event7  - Video Bus: device is a keyboard
[   301.602] (II) config/udev: Adding input device Power Button (/dev/input/event0)
[   301.602] (**) Power Button: Applying InputClass "libinput keyboard catchall"
[   301.602] (II) Using input driver 'libinput' for 'Power Button'
[   301.603] (II) systemd-logind: got fd for /dev/input/event0 13:64 fd 18 paused 0
[   301.603] (**) Power Button: always reports core events
[   301.603] (**) Option "Device" "/dev/input/event0"
[   301.603] (**) Option "_source" "server/udev"
[   301.604] (II) event0  - Power Button: is tagged by udev as: Keyboard
[   301.604] (II) event0  - Power Button: device is a keyboard
[   301.604] (II) event0  - Power Button: device removed
[   301.604] (**) Option "config_info" "udev:/sys/devices/LNXSYSTM:00/LNXSYBUS:00/PNP0C0C:00/input/input0/event0"
[   301.604] (II) XINPUT: Adding extended input device "Power Button" (type: KEYBOARD, id 8)
[   301.605] (II) event0  - Power Button: is tagged by udev as: Keyboard
[   301.605] (II) event0  - Power Button: device is a keyboard
[   301.605] (II) config/udev: Adding input device Lid Switch (/dev/input/event2)
[   301.605] (II) No input driver specified, ignoring this device.
[   301.605] (II) This device may have been added with another device file.
[   301.606] (II) config/udev: Adding input device Sleep Button (/dev/input/event1)
[   301.606] (**) Sleep Button: Applying InputClass "libinput keyboard catchall"
[   301.606] (II) Using input driver 'libinput' for 'Sleep Button'
[   301.607] (II) systemd-logind: got fd for /dev/input/event1 13:65 fd 19 paused 0
[   301.607] (**) Sleep Button: always reports core events
[   301.607] (**) Option "Device" "/dev/input/event1"
[   301.607] (**) Option "_source" "server/udev"
[   301.607] (II) event1  - Sleep Button: is tagged by udev as: Keyboard
[   301.607] (II) event1  - Sleep Button: device is a keyboard
[   301.607] (II) event1  - Sleep Button: device removed
[   301.607] (**) Option "config_info" "udev:/sys/devices/LNXSYSTM:00/LNXSYBUS:00/PNP0C0E:00/input/input1/event1"
[   301.607] (II) XINPUT: Adding extended input device "Sleep Button" (type: KEYBOARD, id 9)
[   301.608] (II) event1  - Sleep Button: is tagged by udev as: Keyboard
[   301.608] (II) event1  - Sleep Button: device is a keyboard
[   301.609] (II) config/udev: Adding input device Chicony USB2.0 Camera: Chicony  (/dev/input/event6)
[   301.609] (**) Chicony USB2.0 Camera: Chicony : Applying InputClass "libinput keyboard catchall"
[   301.609] (II) Using input driver 'libinput' for 'Chicony USB2.0 Camera: Chicony '
[   301.610] (II) systemd-logind: got fd for /dev/input/event6 13:70 fd 20 paused 0
[   301.610] (**) Chicony USB2.0 Camera: Chicony : always reports core events
[   301.610] (**) Option "Device" "/dev/input/event6"
[   301.610] (**) Option "_source" "server/udev"
[   301.611] (II) event6  - Chicony USB2.0 Camera: Chicony : is tagged by udev as: Keyboard
[   301.611] (II) event6  - Chicony USB2.0 Camera: Chicony : device is a keyboard
[   301.611] (II) event6  - Chicony USB2.0 Camera: Chicony : device removed
[   301.612] (**) Option "config_info" "udev:/sys/devices/pci0000:00/0000:00:14.0/usb1/1-6/1-6:1.0/input/input12/event6"
[   301.612] (II) XINPUT: Adding extended input device "Chicony USB2.0 Camera: Chicony " (type: KEYBOARD, id 10)
[   301.613] (II) event6  - Chicony USB2.0 Camera: Chicony : is tagged by udev as: Keyboard
[   301.613] (II) event6  - Chicony USB2.0 Camera: Chicony : device is a keyboard
[   301.613] (II) config/udev: Adding input device HDA Digital PCBeep (/dev/input/event8)
[   301.613] (II) No input driver specified, ignoring this device.
[   301.613] (II) This device may have been added with another device file.
[   301.613] (II) config/udev: Adding input device HDA Intel PCH Mic (/dev/input/event9)
[   301.613] (II) No input driver specified, ignoring this device.
[   301.613] (II) This device may have been added with another device file.
[   301.614] (II) config/udev: Adding input device HDA Intel PCH Front Headphone (/dev/input/event10)
[   301.614] (II) No input driver specified, ignoring this device.
[   301.614] (II) This device may have been added with another device file.
[   301.614] (II) config/udev: Adding input device HDA Intel PCH HDMI/DP,pcm=3 (/dev/input/event11)
[   301.614] (II) No input driver specified, ignoring this device.
[   301.614] (II) This device may have been added with another device file.
[   301.614] (II) config/udev: Adding input device HDA Intel PCH HDMI/DP,pcm=7 (/dev/input/event12)
[   301.614] (II) No input driver specified, ignoring this device.
[   301.614] (II) This device may have been added with another device file.
[   301.615] (II) config/udev: Adding input device HDA Intel PCH HDMI/DP,pcm=8 (/dev/input/event13)
[   301.615] (II) No input driver specified, ignoring this device.
[   301.615] (II) This device may have been added with another device file.
[   301.615] (II) config/udev: Adding input device HDA Intel PCH HDMI/DP,pcm=9 (/dev/input/event14)
[   301.615] (II) No input driver specified, ignoring this device.
[   301.615] (II) This device may have been added with another device file.
[   301.615] (II) config/udev: Adding input device HDA Intel PCH HDMI/DP,pcm=10 (/dev/input/event15)
[   301.615] (II) No input driver specified, ignoring this device.
[   301.615] (II) This device may have been added with another device file.
[   301.616] (II) config/udev: Adding input device AT Translated Set 2 keyboard (/dev/input/event4)
[   301.616] (**) AT Translated Set 2 keyboard: Applying InputClass "libinput keyboard catchall"
[   301.616] (II) Using input driver 'libinput' for 'AT Translated Set 2 keyboard'
[   301.617] (II) systemd-logind: got fd for /dev/input/event4 13:68 fd 21 paused 0
[   301.617] (**) AT Translated Set 2 keyboard: always reports core events
[   301.617] (**) Option "Device" "/dev/input/event4"
[   301.617] (**) Option "_source" "server/udev"
[   301.618] (II) event4  - AT Translated Set 2 keyboard: is tagged by udev as: Keyboard
[   301.618] (II) event4  - AT Translated Set 2 keyboard: device is a keyboard
[   301.618] (II) event4  - AT Translated Set 2 keyboard: device removed
[   301.618] (**) Option "config_info" "udev:/sys/devices/platform/i8042/serio0/input/input4/event4"
[   301.618] (II) XINPUT: Adding extended input device "AT Translated Set 2 keyboard" (type: KEYBOARD, id 11)
[   301.619] (II) event4  - AT Translated Set 2 keyboard: is tagged by udev as: Keyboard
[   301.619] (II) event4  - AT Translated Set 2 keyboard: device is a keyboard
[   301.620] (II) config/udev: Adding input device SynPS/2 Synaptics TouchPad (/dev/input/event16)
[   301.620] (**) SynPS/2 Synaptics TouchPad: Applying InputClass "libinput touchpad catchall"
[   301.620] (II) Using input driver 'libinput' for 'SynPS/2 Synaptics TouchPad'
[   301.621] (II) systemd-logind: got fd for /dev/input/event16 13:80 fd 22 paused 0
[   301.621] (**) SynPS/2 Synaptics TouchPad: always reports core events
[   301.621] (**) Option "Device" "/dev/input/event16"
[   301.621] (**) Option "_source" "server/udev"
[   301.622] (II) event16 - SynPS/2 Synaptics TouchPad: is tagged by udev as: Touchpad
[   301.631] (II) event16 - SynPS/2 Synaptics TouchPad: device is a touchpad
[   301.631] (II) event16 - SynPS/2 Synaptics TouchPad: device removed
[   301.631] (**) Option "config_info" "udev:/sys/devices/platform/i8042/serio2/input/input11/event16"
[   301.631] (II) XINPUT: Adding extended input device "SynPS/2 Synaptics TouchPad" (type: TOUCHPAD, id 12)
[   301.631] (**) Option "AccelerationScheme" "none"
[   301.631] (**) SynPS/2 Synaptics TouchPad: (accel) selected scheme none/0
[   301.631] (**) SynPS/2 Synaptics TouchPad: (accel) acceleration factor: 2.000
[   301.631] (**) SynPS/2 Synaptics TouchPad: (accel) acceleration threshold: 4
[   301.632] (II) event16 - SynPS/2 Synaptics TouchPad: is tagged by udev as: Touchpad
[   301.641] (II) event16 - SynPS/2 Synaptics TouchPad: device is a touchpad
[   301.641] (II) config/udev: Adding input device SynPS/2 Synaptics TouchPad (/dev/input/mouse0)
[   301.641] (II) No input driver specified, ignoring this device.
[   301.641] (II) This device may have been added with another device file.
[   301.642] (II) config/udev: Adding input device PC Speaker (/dev/input/event5)
[   301.642] (II) No input driver specified, ignoring this device.
[   301.642] (II) This device may have been added with another device file.
[   301.738] (**) Option "fd" "14"
[   301.738] (II) event3  - Power Button: device removed
[   301.738] (**) Option "fd" "17"
[   301.739] (II) event7  - Video Bus: device removed
[   301.739] (**) Option "fd" "18"
[   301.739] (II) event0  - Power Button: device removed
[   301.739] (**) Option "fd" "19"
[   301.739] (II) event1  - Sleep Button: device removed
[   301.739] (**) Option "fd" "20"
[   301.739] (II) event6  - Chicony USB2.0 Camera: Chicony : device removed
[   301.739] (**) Option "fd" "21"
[   301.739] (II) event4  - AT Translated Set 2 keyboard: device removed
[   301.739] (**) Option "fd" "22"
[   301.739] (II) event16 - SynPS/2 Synaptics TouchPad: device removed
[   301.754] (II) UnloadModule: "libinput"
[   301.754] (II) systemd-logind: releasing fd for 13:80
[   301.816] (II) UnloadModule: "libinput"
[   301.816] (II) systemd-logind: releasing fd for 13:68
[   301.842] (II) UnloadModule: "libinput"
[   301.842] (II) systemd-logind: releasing fd for 13:70
[   301.896] (II) UnloadModule: "libinput"
[   301.896] (II) systemd-logind: releasing fd for 13:65
[   301.912] (II) UnloadModule: "libinput"
[   301.912] (II) systemd-logind: releasing fd for 13:64
[   301.962] (II) UnloadModule: "libinput"
[   301.962] (II) systemd-logind: releasing fd for 13:71
[   302.023] (II) UnloadModule: "libinput"
[   302.023] (II) systemd-logind: releasing fd for 13:67
[   302.092] (II) Server terminated successfully (0). Closing log file.
